TN:
SF:/Users/seto/Documents/repos/react/jest-app/src/App.js
FN:3,(anonymous_0)
FNF:1
FNH:0
FNDA:0,(anonymous_0)
DA:3,0
DA:4,0
LF:2
LH:0
BRF:0
BRH:0
end_of_record
TN:
SF:/Users/seto/Documents/repos/react/jest-app/src/index.js
FNF:0
FNH:0
DA:5,0
LF:1
LH:0
BRF:0
BRH:0
end_of_record
TN:
SF:/Users/seto/Documents/repos/react/jest-app/src/utils/arrays.js
FN:1,(anonymous_0)
FN:5,(anonymous_1)
FN:9,(anonymous_2)
FNF:3
FNH:3
FNDA:5,(anonymous_0)
FNDA:6,(anonymous_1)
FNDA:6,(anonymous_2)
DA:1,1
DA:2,5
DA:4,5
DA:6,6
DA:10,6
LF:5
LH:5
BRF:0
BRH:0
end_of_record
TN:
SF:/Users/seto/Documents/repos/react/jest-app/src/utils/numbers.js
FN:1,(anonymous_0)
FN:5,(anonymous_1)
FN:9,(anonymous_2)
FN:13,(anonymous_3)
FN:17,(anonymous_4)
FNF:5
FNH:5
FNDA:1,(anonymous_0)
FNDA:1,(anonymous_1)
FNDA:1,(anonymous_2)
FNDA:1,(anonymous_3)
FNDA:2,(anonymous_4)
DA:1,1
DA:2,1
DA:5,1
DA:6,1
DA:9,1
DA:10,1
DA:13,1
DA:14,1
DA:17,1
DA:18,2
LF:10
LH:10
BRF:0
BRH:0
end_of_record
TN:
SF:/Users/seto/Documents/repos/react/jest-app/src/utils/objects.js
FN:1,(anonymous_0)
FN:5,(anonymous_1)
FN:9,(anonymous_2)
FN:13,(anonymous_3)
FN:14,(anonymous_4)
FNF:5
FNH:5
FNDA:4,(anonymous_0)
FNDA:4,(anonymous_1)
FNDA:1,(anonymous_2)
FNDA:4,(anonymous_3)
FNDA:4,(anonymous_4)
DA:1,1
DA:2,4
DA:4,4
DA:6,4
DA:10,1
DA:14,4
LF:6
LH:6
BRF:0
BRH:0
end_of_record
TN:
SF:/Users/seto/Documents/repos/react/jest-app/src/utils/strings.js
FN:1,(anonymous_0)
FN:5,(anonymous_1)
FN:9,(anonymous_2)
FNF:3
FNH:2
FNDA:1,(anonymous_0)
FNDA:1,(anonymous_1)
FNDA:0,(anonymous_2)
DA:1,1
DA:2,1
DA:5,1
DA:6,1
DA:9,1
DA:10,0
LF:6
LH:5
BRF:0
BRH:0
end_of_record
